<?xml version="1.0" encoding="UTF-8"?>
<testng-results total="1" passed="1" failed="0" skipped="0">
  <reporter-output>
  </reporter-output>
  <suite started-at="2023-06-11T17:24:39Z" name="Suite" finished-at="2023-06-11T17:24:45Z" duration-ms="6141">
    <groups>
    </groups>
    <test started-at="2023-06-11T17:24:39Z" name="Test" finished-at="2023-06-11T17:24:45Z" duration-ms="6141">
      <class name="seleniumPrac.Intro">
        <test-method signature="browserTest()[pri:0, instance:seleniumPrac.Intro@354a673]" started-at="2023-06-11T22:54:39Z" name="browserTest" finished-at="2023-06-11T22:54:45Z" duration-ms="6124" status="PASS">
          <reporter-output>
          </reporter-output>
        </test-method> <!-- browserTest -->
      </class> <!-- seleniumPrac.Intro -->
    </test> <!-- Test -->
  </suite> <!-- Suite -->
</testng-results>
