<?xml version="1.0" encoding="UTF-8"?>
<testng-results ignored="0" total="1" passed="1" failed="0" skipped="0">
  <reporter-output>
  </reporter-output>
  <suite started-at="2023-06-06T21:06:50 IST" name="Suite" finished-at="2023-06-06T21:06:55 IST" duration-ms="5204">
    <groups>
    </groups>
    <test started-at="2023-06-06T21:06:50 IST" name="Test" finished-at="2023-06-06T21:06:55 IST" duration-ms="5204">
      <class name="seleniumPrac.Intro">
        <test-method signature="browserTest()[pri:0, instance:seleniumPrac.Intro@291ae]" started-at="2023-06-06T21:06:50 IST" name="browserTest" finished-at="2023-06-06T21:06:55 IST" duration-ms="5165" status="PASS">
          <reporter-output>
          </reporter-output>
        </test-method> <!-- browserTest -->
      </class> <!-- seleniumPrac.Intro -->
    </test> <!-- Test -->
  </suite> <!-- Suite -->
</testng-results>
